[debug] [2022-11-08T22:25:40.498Z] ----------------------------------------------------------------------
[debug] [2022-11-08T22:25:40.500Z] Command:       /usr/bin/node /usr/bin/firebase deploy --only functions
[debug] [2022-11-08T22:25:40.500Z] CLI Version:   11.16.0
[debug] [2022-11-08T22:25:40.500Z] Platform:      linux
[debug] [2022-11-08T22:25:40.500Z] Node Version:  v16.18.0
[debug] [2022-11-08T22:25:40.501Z] Time:          Tue Nov 08 2022 23:25:40 GMT+0100 (Central European Standard Time)
[debug] [2022-11-08T22:25:40.501Z] ----------------------------------------------------------------------
[debug] 
[debug] [2022-11-08T22:25:40.569Z] > command requires scopes: ["email","openid","https://www.googleapis.com/auth/cloudplatformprojects.readonly","https://www.googleapis.com/auth/firebase","https://www.googleapis.com/auth/cloud-platform"]
[debug] [2022-11-08T22:25:40.569Z] > authorizing via signed-in user (aaronborgi1@gmail.com)
[debug] [2022-11-08T22:25:40.569Z] [iam] checking project angular-chat-app-aaron for permissions ["cloudfunctions.functions.create","cloudfunctions.functions.delete","cloudfunctions.functions.get","cloudfunctions.functions.list","cloudfunctions.functions.update","cloudfunctions.operations.get","firebase.projects.get"]
[debug] [2022-11-08T22:25:40.571Z] >>> [apiv2][query] POST https://cloudresourcemanager.googleapis.com/v1/projects/angular-chat-app-aaron:testIamPermissions [none]
[debug] [2022-11-08T22:25:40.571Z] >>> [apiv2][(partial)header] POST https://cloudresourcemanager.googleapis.com/v1/projects/angular-chat-app-aaron:testIamPermissions x-goog-quota-user=projects/angular-chat-app-aaron
[debug] [2022-11-08T22:25:40.572Z] >>> [apiv2][body] POST https://cloudresourcemanager.googleapis.com/v1/projects/angular-chat-app-aaron:testIamPermissions {"permissions":["cloudfunctions.functions.create","cloudfunctions.functions.delete","cloudfunctions.functions.get","cloudfunctions.functions.list","cloudfunctions.functions.update","cloudfunctions.operations.get","firebase.projects.get"]}
[debug] [2022-11-08T22:25:41.703Z] <<< [apiv2][status] POST https://cloudresourcemanager.googleapis.com/v1/projects/angular-chat-app-aaron:testIamPermissions 200
[debug] [2022-11-08T22:25:41.704Z] <<< [apiv2][body] POST https://cloudresourcemanager.googleapis.com/v1/projects/angular-chat-app-aaron:testIamPermissions {"permissions":["cloudfunctions.functions.create","cloudfunctions.functions.delete","cloudfunctions.functions.get","cloudfunctions.functions.list","cloudfunctions.functions.update","cloudfunctions.operations.get","firebase.projects.get"]}
[debug] [2022-11-08T22:25:41.706Z] >>> [apiv2][query] POST https://iam.googleapis.com/v1/projects/angular-chat-app-aaron/serviceAccounts/angular-chat-app-aaron@appspot.gserviceaccount.com:testIamPermissions [none]
[debug] [2022-11-08T22:25:41.707Z] >>> [apiv2][body] POST https://iam.googleapis.com/v1/projects/angular-chat-app-aaron/serviceAccounts/angular-chat-app-aaron@appspot.gserviceaccount.com:testIamPermissions {"permissions":["iam.serviceAccounts.actAs"]}
[debug] [2022-11-08T22:25:42.727Z] <<< [apiv2][status] POST https://iam.googleapis.com/v1/projects/angular-chat-app-aaron/serviceAccounts/angular-chat-app-aaron@appspot.gserviceaccount.com:testIamPermissions 200
[debug] [2022-11-08T22:25:42.728Z] <<< [apiv2][body] POST https://iam.googleapis.com/v1/projects/angular-chat-app-aaron/serviceAccounts/angular-chat-app-aaron@appspot.gserviceaccount.com:testIamPermissions {"permissions":["iam.serviceAccounts.actAs"]}
[info] 
[info] === Deploying to 'angular-chat-app-aaron'...
[info] 
[info] i  deploying functions 
[info] Running command: npm --prefix "$RESOURCE_DIR" run build
[info] ✔  functions: Finished running predeploy script. 
[debug] [2022-11-08T22:25:51.673Z] >>> [apiv2][query] GET https://firebase.googleapis.com/v1beta1/projects/angular-chat-app-aaron [none]
[debug] [2022-11-08T22:25:52.255Z] <<< [apiv2][status] GET https://firebase.googleapis.com/v1beta1/projects/angular-chat-app-aaron 200
[debug] [2022-11-08T22:25:52.256Z] <<< [apiv2][body] GET https://firebase.googleapis.com/v1beta1/projects/angular-chat-app-aaron {"projectId":"angular-chat-app-aaron","projectNumber":"450720626954","displayName":"Angular Chat Application","name":"projects/angular-chat-app-aaron","resources":{"hostingSite":"angular-chat-app-aaron"},"state":"ACTIVE","etag":"1_12b54aef-32b2-4135-8567-55368ba3298f"}
[info] i  functions: ensuring required API cloudfunctions.googleapis.com is enabled... 
[info] i  functions: ensuring required API cloudbuild.googleapis.com is enabled... 
[info] i  artifactregistry: ensuring required API artifactregistry.googleapis.com is enabled... 
[debug] [2022-11-08T22:25:52.264Z] >>> [apiv2][query] GET https://serviceusage.googleapis.com/v1/projects/angular-chat-app-aaron/services/cloudfunctions.googleapis.com [none]
[debug] [2022-11-08T22:25:52.264Z] >>> [apiv2][(partial)header] GET https://serviceusage.googleapis.com/v1/projects/angular-chat-app-aaron/services/cloudfunctions.googleapis.com x-goog-quota-user=projects/angular-chat-app-aaron
[debug] [2022-11-08T22:25:52.272Z] >>> [apiv2][query] GET https://serviceusage.googleapis.com/v1/projects/angular-chat-app-aaron/services/runtimeconfig.googleapis.com [none]
[debug] [2022-11-08T22:25:52.273Z] >>> [apiv2][(partial)header] GET https://serviceusage.googleapis.com/v1/projects/angular-chat-app-aaron/services/runtimeconfig.googleapis.com x-goog-quota-user=projects/angular-chat-app-aaron
[debug] [2022-11-08T22:25:52.280Z] >>> [apiv2][query] GET https://serviceusage.googleapis.com/v1/projects/angular-chat-app-aaron/services/cloudbuild.googleapis.com [none]
[debug] [2022-11-08T22:25:52.280Z] >>> [apiv2][(partial)header] GET https://serviceusage.googleapis.com/v1/projects/angular-chat-app-aaron/services/cloudbuild.googleapis.com x-goog-quota-user=projects/angular-chat-app-aaron
[debug] [2022-11-08T22:25:52.286Z] >>> [apiv2][query] GET https://serviceusage.googleapis.com/v1/projects/angular-chat-app-aaron/services/artifactregistry.googleapis.com [none]
[debug] [2022-11-08T22:25:52.286Z] >>> [apiv2][(partial)header] GET https://serviceusage.googleapis.com/v1/projects/angular-chat-app-aaron/services/artifactregistry.googleapis.com x-goog-quota-user=projects/angular-chat-app-aaron
[debug] [2022-11-08T22:25:53.610Z] <<< [apiv2][status] GET https://serviceusage.googleapis.com/v1/projects/angular-chat-app-aaron/services/cloudbuild.googleapis.com 200
[debug] [2022-11-08T22:25:53.615Z] <<< [apiv2][body] GET https://serviceusage.googleapis.com/v1/projects/angular-chat-app-aaron/services/cloudbuild.googleapis.com [omitted]
[info] ✔  functions: required API cloudbuild.googleapis.com is enabled 
[debug] [2022-11-08T22:25:53.622Z] <<< [apiv2][status] GET https://serviceusage.googleapis.com/v1/projects/angular-chat-app-aaron/services/runtimeconfig.googleapis.com 200
[debug] [2022-11-08T22:25:53.623Z] <<< [apiv2][body] GET https://serviceusage.googleapis.com/v1/projects/angular-chat-app-aaron/services/runtimeconfig.googleapis.com [omitted]
[debug] [2022-11-08T22:25:53.624Z] <<< [apiv2][status] GET https://serviceusage.googleapis.com/v1/projects/angular-chat-app-aaron/services/artifactregistry.googleapis.com 200
[debug] [2022-11-08T22:25:53.625Z] <<< [apiv2][body] GET https://serviceusage.googleapis.com/v1/projects/angular-chat-app-aaron/services/artifactregistry.googleapis.com [omitted]
[info] ✔  artifactregistry: required API artifactregistry.googleapis.com is enabled 
[debug] [2022-11-08T22:25:53.629Z] <<< [apiv2][status] GET https://serviceusage.googleapis.com/v1/projects/angular-chat-app-aaron/services/cloudfunctions.googleapis.com 200
[debug] [2022-11-08T22:25:53.631Z] <<< [apiv2][body] GET https://serviceusage.googleapis.com/v1/projects/angular-chat-app-aaron/services/cloudfunctions.googleapis.com [omitted]
[info] ✔  functions: required API cloudfunctions.googleapis.com is enabled 
[debug] [2022-11-08T22:25:53.633Z] >>> [apiv2][query] GET https://firebase.googleapis.com/v1beta1/projects/angular-chat-app-aaron/adminSdkConfig [none]
[debug] [2022-11-08T22:25:54.221Z] <<< [apiv2][status] GET https://firebase.googleapis.com/v1beta1/projects/angular-chat-app-aaron/adminSdkConfig 200
[debug] [2022-11-08T22:25:54.222Z] <<< [apiv2][body] GET https://firebase.googleapis.com/v1beta1/projects/angular-chat-app-aaron/adminSdkConfig {"projectId":"angular-chat-app-aaron","storageBucket":"angular-chat-app-aaron.appspot.com"}
[debug] [2022-11-08T22:25:54.224Z] >>> [apiv2][query] GET https://runtimeconfig.googleapis.com/v1beta1/projects/angular-chat-app-aaron/configs [none]
[debug] [2022-11-08T22:25:54.783Z] <<< [apiv2][status] GET https://runtimeconfig.googleapis.com/v1beta1/projects/angular-chat-app-aaron/configs 200
[debug] [2022-11-08T22:25:54.783Z] <<< [apiv2][body] GET https://runtimeconfig.googleapis.com/v1beta1/projects/angular-chat-app-aaron/configs {"configs":[{"name":"projects/angular-chat-app-aaron/configs/stream"}]}
[debug] [2022-11-08T22:25:54.787Z] >>> [apiv2][query] GET https://runtimeconfig.googleapis.com/v1beta1/projects/angular-chat-app-aaron/configs/stream/variables [none]
[debug] [2022-11-08T22:25:55.527Z] <<< [apiv2][status] GET https://runtimeconfig.googleapis.com/v1beta1/projects/angular-chat-app-aaron/configs/stream/variables 200
[debug] [2022-11-08T22:25:55.529Z] <<< [apiv2][body] GET https://runtimeconfig.googleapis.com/v1beta1/projects/angular-chat-app-aaron/configs/stream/variables {"variables":[{"name":"projects/angular-chat-app-aaron/configs/stream/variables/key","updateTime":"2022-11-08T18:11:42.187698873Z"},{"name":"projects/angular-chat-app-aaron/configs/stream/variables/secret","updateTime":"2022-11-08T18:11:43.090852511Z"}]}
[debug] [2022-11-08T22:25:55.533Z] >>> [apiv2][query] GET https://runtimeconfig.googleapis.com/v1beta1/projects/angular-chat-app-aaron/configs/stream/variables/key [none]
[debug] [2022-11-08T22:25:55.547Z] >>> [apiv2][query] GET https://runtimeconfig.googleapis.com/v1beta1/projects/angular-chat-app-aaron/configs/stream/variables/secret [none]
[debug] [2022-11-08T22:25:56.148Z] <<< [apiv2][status] GET https://runtimeconfig.googleapis.com/v1beta1/projects/angular-chat-app-aaron/configs/stream/variables/secret 200
[debug] [2022-11-08T22:25:56.150Z] <<< [apiv2][body] GET https://runtimeconfig.googleapis.com/v1beta1/projects/angular-chat-app-aaron/configs/stream/variables/secret {"name":"projects/angular-chat-app-aaron/configs/stream/variables/secret","updateTime":"2022-11-08T18:11:43.090852511Z","text":"c9nvby9qpgtudz9mh8chjp7w7kwvcyt9xedcnfsf7u5htsbxmnu3w66v5pau4k2q"}
[debug] [2022-11-08T22:25:56.156Z] <<< [apiv2][status] GET https://runtimeconfig.googleapis.com/v1beta1/projects/angular-chat-app-aaron/configs/stream/variables/key 200
[debug] [2022-11-08T22:25:56.157Z] <<< [apiv2][body] GET https://runtimeconfig.googleapis.com/v1beta1/projects/angular-chat-app-aaron/configs/stream/variables/key {"name":"projects/angular-chat-app-aaron/configs/stream/variables/key","updateTime":"2022-11-08T18:11:42.187698873Z","text":"9kpvhc934nze"}
[info] i  functions: preparing codebase default for deployment 
[debug] [2022-11-08T22:25:56.171Z] Validating nodejs source
[warn] ⚠  functions: package.json indicates an outdated version of firebase-functions. Please upgrade using npm install --save firebase-functions@latest in your functions directory. 
[warn] ⚠  functions: Please note that there will be breaking changes when you upgrade. 
[debug] [2022-11-08T22:25:58.363Z] > [functions] package.json contents: {
  "name": "functions",
  "scripts": {
    "build": "tsc",
    "build:watch": "tsc --watch",
    "serve": "npm run build && firebase emulators:start --only functions",
    "shell": "npm run build && firebase functions:shell",
    "start": "npm run shell",
    "deploy": "firebase deploy --only functions",
    "logs": "firebase functions:log"
  },
  "engines": {
    "node": "16"
  },
  "main": "lib/index.js",
  "dependencies": {
    "firebase-admin": "^10.2.0",
    "firebase-functions": "^3.21.0"
  },
  "devDependencies": {
    "typescript": "^4.6.4"
  },
  "private": true
}
[debug] [2022-11-08T22:25:58.363Z] Building nodejs source
[debug] [2022-11-08T22:25:58.366Z] Could not find functions.yaml. Must use http discovery
[debug] [2022-11-08T22:25:58.552Z] Serving at port 9005

[debug] [2022-11-08T22:25:58.699Z] Got response from /__/functions.yaml {"endpoints":{"createStreamUser":{"platform":"gcfv1","region":["europe-west3"],"httpsTrigger":{},"entryPoint":"createStreamUser"}},"specVersion":"v1alpha1","requiredAPIs":[]}
[debug] [2022-11-08T22:25:58.719Z] shutdown requested via /__/quitquitquit

[info] i  functions: preparing functions directory for uploading... 
[info] i  functions: packaged /home/archaaron/Projects/angular/chat-app/functions (57.23 KB) for uploading 
[debug] [2022-11-08T22:25:58.790Z] >>> [apiv2][query] GET https://cloudfunctions.googleapis.com/v1/projects/angular-chat-app-aaron/locations/-/functions [none]
[debug] [2022-11-08T22:25:59.724Z] <<< [apiv2][status] GET https://cloudfunctions.googleapis.com/v1/projects/angular-chat-app-aaron/locations/-/functions 200
[debug] [2022-11-08T22:25:59.725Z] <<< [apiv2][body] GET https://cloudfunctions.googleapis.com/v1/projects/angular-chat-app-aaron/locations/-/functions {"functions":[{"name":"projects/angular-chat-app-aaron/locations/europe-west3/functions/createStreamUser","httpsTrigger":{"url":"https://europe-west3-angular-chat-app-aaron.cloudfunctions.net/createStreamUser","securityLevel":"SECURE_ALWAYS"},"status":"OFFLINE","entryPoint":"createStreamUser","timeout":"60s","availableMemoryMb":256,"serviceAccountEmail":"angular-chat-app-aaron@appspot.gserviceaccount.com","updateTime":"2022-11-08T22:20:51.446Z","versionId":"1","labels":{"deployment-tool":"cli-firebase","firebase-functions-hash":"9e90d00adfc0bcbda6286481924a904eb066957b"},"sourceUploadUrl":"https://storage.googleapis.com/uploads-75759533777.europe-west3.cloudfunctions.appspot.com/11e8b88e-c8d0-460f-9881-0f38a8765f3d.zip","environmentVariables":{"FIREBASE_CONFIG":"{\"projectId\":\"angular-chat-app-aaron\",\"storageBucket\":\"angular-chat-app-aaron.appspot.com\"}","GCLOUD_PROJECT":"angular-chat-app-aaron","EVENTARC_CLOUD_EVENT_SOURCE":"projects/angular-chat-app-aaron/locations/europe-west3/functions/createStreamUser"},"runtime":"nodejs16","ingressSettings":"ALLOW_ALL","buildId":"486286f3-3049-48fa-9457-83db64893a87","buildName":"projects/450720626954/locations/europe-west3/builds/486286f3-3049-48fa-9457-83db64893a87","dockerRegistry":"ARTIFACT_REGISTRY"}]}
[debug] [2022-11-08T22:25:59.729Z] >>> [apiv2][query] GET https://cloudfunctions.googleapis.com/v2/projects/angular-chat-app-aaron/locations/-/functions filter=environment%3D%22GEN_2%22
[debug] [2022-11-08T22:26:01.052Z] <<< [apiv2][status] GET https://cloudfunctions.googleapis.com/v2/projects/angular-chat-app-aaron/locations/-/functions 200
[debug] [2022-11-08T22:26:01.053Z] <<< [apiv2][body] GET https://cloudfunctions.googleapis.com/v2/projects/angular-chat-app-aaron/locations/-/functions {}
[debug] [2022-11-08T22:26:01.070Z] >>> [apiv2][query] GET https://firebase.googleapis.com/v1beta1/projects/angular-chat-app-aaron [none]
[debug] [2022-11-08T22:26:01.768Z] <<< [apiv2][status] GET https://firebase.googleapis.com/v1beta1/projects/angular-chat-app-aaron 200
[debug] [2022-11-08T22:26:01.768Z] <<< [apiv2][body] GET https://firebase.googleapis.com/v1beta1/projects/angular-chat-app-aaron {"projectId":"angular-chat-app-aaron","projectNumber":"450720626954","displayName":"Angular Chat Application","name":"projects/angular-chat-app-aaron","resources":{"hostingSite":"angular-chat-app-aaron"},"state":"ACTIVE","etag":"1_12b54aef-32b2-4135-8567-55368ba3298f"}
[debug] [2022-11-08T22:26:01.773Z] >>> [apiv2][query] POST https://cloudfunctions.googleapis.com/v1/projects/angular-chat-app-aaron/locations/europe-west3/functions:generateUploadUrl [none]
[debug] [2022-11-08T22:26:01.773Z] >>> [apiv2][body] POST https://cloudfunctions.googleapis.com/v1/projects/angular-chat-app-aaron/locations/europe-west3/functions:generateUploadUrl {}
[debug] [2022-11-08T22:26:03.373Z] <<< [apiv2][status] POST https://cloudfunctions.googleapis.com/v1/projects/angular-chat-app-aaron/locations/europe-west3/functions:generateUploadUrl 200
[debug] [2022-11-08T22:26:03.374Z] <<< [apiv2][body] POST https://cloudfunctions.googleapis.com/v1/projects/angular-chat-app-aaron/locations/europe-west3/functions:generateUploadUrl {"uploadUrl":"https://storage.googleapis.com/uploads-75759533777.europe-west3.cloudfunctions.appspot.com/0aeba45e-40e5-4726-83f5-73733684bc3d.zip?GoogleAccessId=service-450720626954@gcf-admin-robot.iam.gserviceaccount.com&Expires=1667948075&Signature=bhi7mYGQaSmyOIjpF5UfM%2BXjqHnYmsyE20AGmELTLUQRc1QWTNAKac93O3TIdykqkxz846u0b0gAWsWDnf06gjE8yV%2BClXYwqusy0yex03NsmoqSMEuYCAZwCzcsj2QRqB1gjBQ0GiXejf40imv6mvwsjU%2F%2FQ2VZu0S%2FM37ELjRmrDG3E%2Ft6lFvJU3aKoXzJqiaK5s2iBvXtO5Xp22YlPezzvEjzn9VaZveNc8O82SXzxLNYsbvfG0LkNZjvKlpF1rcP4K7rZBHlBBC%2B63LEWHJ9lLwQFmZMruhwDg10rQzA%2Fw2b2Oa153JeBGKBW63hdD%2Ft8AV591EErwjtgDekXg%3D%3D"}
[debug] [2022-11-08T22:26:03.378Z] >>> [apiv2][query] PUT https://storage.googleapis.com/uploads-75759533777.europe-west3.cloudfunctions.appspot.com/0aeba45e-40e5-4726-83f5-73733684bc3d.zip GoogleAccessId=service-450720626954%40gcf-admin-robot.iam.gserviceaccount.com&Expires=1667948075&Signature=bhi7mYGQaSmyOIjpF5UfM%2BXjqHnYmsyE20AGmELTLUQRc1QWTNAKac93O3TIdykqkxz846u0b0gAWsWDnf06gjE8yV%2BClXYwqusy0yex03NsmoqSMEuYCAZwCzcsj2QRqB1gjBQ0GiXejf40imv6mvwsjU%2F%2FQ2VZu0S%2FM37ELjRmrDG3E%2Ft6lFvJU3aKoXzJqiaK5s2iBvXtO5Xp22YlPezzvEjzn9VaZveNc8O82SXzxLNYsbvfG0LkNZjvKlpF1rcP4K7rZBHlBBC%2B63LEWHJ9lLwQFmZMruhwDg10rQzA%2Fw2b2Oa153JeBGKBW63hdD%2Ft8AV591EErwjtgDekXg%3D%3D
[debug] [2022-11-08T22:26:03.378Z] >>> [apiv2][body] PUT https://storage.googleapis.com/uploads-75759533777.europe-west3.cloudfunctions.appspot.com/0aeba45e-40e5-4726-83f5-73733684bc3d.zip [stream]
[debug] [2022-11-08T22:26:04.415Z] <<< [apiv2][status] PUT https://storage.googleapis.com/uploads-75759533777.europe-west3.cloudfunctions.appspot.com/0aeba45e-40e5-4726-83f5-73733684bc3d.zip 200
[debug] [2022-11-08T22:26:04.416Z] <<< [apiv2][body] PUT https://storage.googleapis.com/uploads-75759533777.europe-west3.cloudfunctions.appspot.com/0aeba45e-40e5-4726-83f5-73733684bc3d.zip [omitted]
[info] ✔  functions: functions folder uploaded successfully 
[info] i  functions: updating Node.js 16 function createStreamUser(europe-west3)... 
[debug] [2022-11-08T22:26:04.440Z] >>> [apiv2][query] PATCH https://cloudfunctions.googleapis.com/v1/projects/angular-chat-app-aaron/locations/europe-west3/functions/createStreamUser updateMask=name%2CsourceUploadUrl%2CentryPoint%2Cruntime%2CdockerRegistry%2Clabels%2ChttpsTrigger.securityLevel%2CenvironmentVariables%2CavailableMemoryMb%2CsourceToken
[debug] [2022-11-08T22:26:04.441Z] >>> [apiv2][body] PATCH https://cloudfunctions.googleapis.com/v1/projects/angular-chat-app-aaron/locations/europe-west3/functions/createStreamUser {"name":"projects/angular-chat-app-aaron/locations/europe-west3/functions/createStreamUser","sourceUploadUrl":"https://storage.googleapis.com/uploads-75759533777.europe-west3.cloudfunctions.appspot.com/0aeba45e-40e5-4726-83f5-73733684bc3d.zip?GoogleAccessId=service-450720626954@gcf-admin-robot.iam.gserviceaccount.com&Expires=1667948075&Signature=bhi7mYGQaSmyOIjpF5UfM%2BXjqHnYmsyE20AGmELTLUQRc1QWTNAKac93O3TIdykqkxz846u0b0gAWsWDnf06gjE8yV%2BClXYwqusy0yex03NsmoqSMEuYCAZwCzcsj2QRqB1gjBQ0GiXejf40imv6mvwsjU%2F%2FQ2VZu0S%2FM37ELjRmrDG3E%2Ft6lFvJU3aKoXzJqiaK5s2iBvXtO5Xp22YlPezzvEjzn9VaZveNc8O82SXzxLNYsbvfG0LkNZjvKlpF1rcP4K7rZBHlBBC%2B63LEWHJ9lLwQFmZMruhwDg10rQzA%2Fw2b2Oa153JeBGKBW63hdD%2Ft8AV591EErwjtgDekXg%3D%3D","entryPoint":"createStreamUser","runtime":"nodejs16","dockerRegistry":"ARTIFACT_REGISTRY","labels":{"deployment-tool":"cli-firebase","firebase-functions-hash":"7bad225fe409db8a2bec90e406fa7bc21e600e16"},"httpsTrigger":{"securityLevel":"SECURE_ALWAYS"},"environmentVariables":{"FIREBASE_CONFIG":"{\"projectId\":\"angular-chat-app-aaron\",\"storageBucket\":\"angular-chat-app-aaron.appspot.com\"}","GCLOUD_PROJECT":"angular-chat-app-aaron","EVENTARC_CLOUD_EVENT_SOURCE":"projects/angular-chat-app-aaron/locations/europe-west3/functions/createStreamUser"},"availableMemoryMb":256}
[debug] [2022-11-08T22:26:05.459Z] <<< [apiv2][status] PATCH https://cloudfunctions.googleapis.com/v1/projects/angular-chat-app-aaron/locations/europe-west3/functions/createStreamUser 200
[debug] [2022-11-08T22:26:05.459Z] <<< [apiv2][body] PATCH https://cloudfunctions.googleapis.com/v1/projects/angular-chat-app-aaron/locations/europe-west3/functions/createStreamUser {"name":"operations/YW5ndWxhci1jaGF0LWFwcC1hYXJvbi9ldXJvcGUtd2VzdDMvY3JlYXRlU3RyZWFtVXNlci9MUnE0RFRwYXluRQ","metadata":{"@type":"type.googleapis.com/google.cloud.functions.v1.OperationMetadataV1","target":"projects/angular-chat-app-aaron/locations/europe-west3/functions/createStreamUser","type":"UPDATE_FUNCTION","request":{"@type":"type.googleapis.com/google.cloud.functions.v1.CloudFunction","name":"projects/angular-chat-app-aaron/locations/europe-west3/functions/createStreamUser","httpsTrigger":{"url":"https://europe-west3-angular-chat-app-aaron.cloudfunctions.net/createStreamUser","securityLevel":"SECURE_ALWAYS"},"status":"OFFLINE","entryPoint":"createStreamUser","timeout":"60s","availableMemoryMb":256,"serviceAccountEmail":"angular-chat-app-aaron@appspot.gserviceaccount.com","updateTime":"2022-11-08T22:20:51.446Z","versionId":"1","labels":{"deployment-tool":"cli-firebase","firebase-functions-hash":"7bad225fe409db8a2bec90e406fa7bc21e600e16"},"sourceUploadUrl":"https://storage.googleapis.com/uploads-75759533777.europe-west3.cloudfunctions.appspot.com/0aeba45e-40e5-4726-83f5-73733684bc3d.zip?GoogleAccessId=service-450720626954@gcf-admin-robot.iam.gserviceaccount.com&Expires=1667948075&Signature=bhi7mYGQaSmyOIjpF5UfM%2BXjqHnYmsyE20AGmELTLUQRc1QWTNAKac93O3TIdykqkxz846u0b0gAWsWDnf06gjE8yV%2BClXYwqusy0yex03NsmoqSMEuYCAZwCzcsj2QRqB1gjBQ0GiXejf40imv6mvwsjU%2F%2FQ2VZu0S%2FM37ELjRmrDG3E%2Ft6lFvJU3aKoXzJqiaK5s2iBvXtO5Xp22YlPezzvEjzn9VaZveNc8O82SXzxLNYsbvfG0LkNZjvKlpF1rcP4K7rZBHlBBC%2B63LEWHJ9lLwQFmZMruhwDg10rQzA%2Fw2b2Oa153JeBGKBW63hdD%2Ft8AV591EErwjtgDekXg%3D%3D","environmentVariables":{"FIREBASE_CONFIG":"{\"projectId\":\"angular-chat-app-aaron\",\"storageBucket\":\"angular-chat-app-aaron.appspot.com\"}","GCLOUD_PROJECT":"angular-chat-app-aaron","EVENTARC_CLOUD_EVENT_SOURCE":"projects/angular-chat-app-aaron/locations/europe-west3/functions/createStreamUser"},"runtime":"nodejs16","ingressSettings":"ALLOW_ALL","buildId":"486286f3-3049-48fa-9457-83db64893a87","buildName":"projects/450720626954/locations/europe-west3/builds/486286f3-3049-48fa-9457-83db64893a87","dockerRegistry":"ARTIFACT_REGISTRY"},"versionId":"2","updateTime":"2022-11-08T22:24:37Z"}}
[debug] [2022-11-08T22:26:05.462Z] >>> [apiv2][query] GET https://cloudfunctions.googleapis.com/v1/operations/YW5ndWxhci1jaGF0LWFwcC1hYXJvbi9ldXJvcGUtd2VzdDMvY3JlYXRlU3RyZWFtVXNlci9MUnE0RFRwYXluRQ [none]
[debug] [2022-11-08T22:26:05.916Z] <<< [apiv2][status] GET https://cloudfunctions.googleapis.com/v1/operations/YW5ndWxhci1jaGF0LWFwcC1hYXJvbi9ldXJvcGUtd2VzdDMvY3JlYXRlU3RyZWFtVXNlci9MUnE0RFRwYXluRQ 200
[debug] [2022-11-08T22:26:05.917Z] <<< [apiv2][body] GET https://cloudfunctions.googleapis.com/v1/operations/YW5ndWxhci1jaGF0LWFwcC1hYXJvbi9ldXJvcGUtd2VzdDMvY3JlYXRlU3RyZWFtVXNlci9MUnE0RFRwYXluRQ {"name":"operations/YW5ndWxhci1jaGF0LWFwcC1hYXJvbi9ldXJvcGUtd2VzdDMvY3JlYXRlU3RyZWFtVXNlci9MUnE0RFRwYXluRQ","metadata":{"@type":"type.googleapis.com/google.cloud.functions.v1.OperationMetadataV1","target":"projects/angular-chat-app-aaron/locations/europe-west3/functions/createStreamUser","type":"UPDATE_FUNCTION","request":{"@type":"type.googleapis.com/google.cloud.functions.v1.CloudFunction","name":"projects/angular-chat-app-aaron/locations/europe-west3/functions/createStreamUser","httpsTrigger":{"url":"https://europe-west3-angular-chat-app-aaron.cloudfunctions.net/createStreamUser","securityLevel":"SECURE_ALWAYS"},"status":"OFFLINE","entryPoint":"createStreamUser","timeout":"60s","availableMemoryMb":256,"serviceAccountEmail":"angular-chat-app-aaron@appspot.gserviceaccount.com","updateTime":"2022-11-08T22:20:51.446Z","versionId":"1","labels":{"deployment-tool":"cli-firebase","firebase-functions-hash":"7bad225fe409db8a2bec90e406fa7bc21e600e16"},"sourceUploadUrl":"https://storage.googleapis.com/uploads-75759533777.europe-west3.cloudfunctions.appspot.com/0aeba45e-40e5-4726-83f5-73733684bc3d.zip?GoogleAccessId=service-450720626954@gcf-admin-robot.iam.gserviceaccount.com&Expires=1667948075&Signature=bhi7mYGQaSmyOIjpF5UfM%2BXjqHnYmsyE20AGmELTLUQRc1QWTNAKac93O3TIdykqkxz846u0b0gAWsWDnf06gjE8yV%2BClXYwqusy0yex03NsmoqSMEuYCAZwCzcsj2QRqB1gjBQ0GiXejf40imv6mvwsjU%2F%2FQ2VZu0S%2FM37ELjRmrDG3E%2Ft6lFvJU3aKoXzJqiaK5s2iBvXtO5Xp22YlPezzvEjzn9VaZveNc8O82SXzxLNYsbvfG0LkNZjvKlpF1rcP4K7rZBHlBBC%2B63LEWHJ9lLwQFmZMruhwDg10rQzA%2Fw2b2Oa153JeBGKBW63hdD%2Ft8AV591EErwjtgDekXg%3D%3D","environmentVariables":{"FIREBASE_CONFIG":"{\"projectId\":\"angular-chat-app-aaron\",\"storageBucket\":\"angular-chat-app-aaron.appspot.com\"}","GCLOUD_PROJECT":"angular-chat-app-aaron","EVENTARC_CLOUD_EVENT_SOURCE":"projects/angular-chat-app-aaron/locations/europe-west3/functions/createStreamUser"},"runtime":"nodejs16","ingressSettings":"ALLOW_ALL","buildId":"486286f3-3049-48fa-9457-83db64893a87","buildName":"projects/450720626954/locations/europe-west3/builds/486286f3-3049-48fa-9457-83db64893a87","dockerRegistry":"ARTIFACT_REGISTRY"},"versionId":"2","updateTime":"2022-11-08T22:24:37Z"}}
[debug] [2022-11-08T22:26:06.420Z] [update-default-europe-west3-createStreamUser] Retrying task index 0
[debug] [2022-11-08T22:26:06.421Z] >>> [apiv2][query] GET https://cloudfunctions.googleapis.com/v1/operations/YW5ndWxhci1jaGF0LWFwcC1hYXJvbi9ldXJvcGUtd2VzdDMvY3JlYXRlU3RyZWFtVXNlci9MUnE0RFRwYXluRQ [none]
[debug] [2022-11-08T22:26:06.884Z] <<< [apiv2][status] GET https://cloudfunctions.googleapis.com/v1/operations/YW5ndWxhci1jaGF0LWFwcC1hYXJvbi9ldXJvcGUtd2VzdDMvY3JlYXRlU3RyZWFtVXNlci9MUnE0RFRwYXluRQ 200
[debug] [2022-11-08T22:26:06.885Z] <<< [apiv2][body] GET https://cloudfunctions.googleapis.com/v1/operations/YW5ndWxhci1jaGF0LWFwcC1hYXJvbi9ldXJvcGUtd2VzdDMvY3JlYXRlU3RyZWFtVXNlci9MUnE0RFRwYXluRQ {"name":"operations/YW5ndWxhci1jaGF0LWFwcC1hYXJvbi9ldXJvcGUtd2VzdDMvY3JlYXRlU3RyZWFtVXNlci9MUnE0RFRwYXluRQ","metadata":{"@type":"type.googleapis.com/google.cloud.functions.v1.OperationMetadataV1","target":"projects/angular-chat-app-aaron/locations/europe-west3/functions/createStreamUser","type":"UPDATE_FUNCTION","request":{"@type":"type.googleapis.com/google.cloud.functions.v1.CloudFunction","name":"projects/angular-chat-app-aaron/locations/europe-west3/functions/createStreamUser","httpsTrigger":{"url":"https://europe-west3-angular-chat-app-aaron.cloudfunctions.net/createStreamUser","securityLevel":"SECURE_ALWAYS"},"status":"OFFLINE","entryPoint":"createStreamUser","timeout":"60s","availableMemoryMb":256,"serviceAccountEmail":"angular-chat-app-aaron@appspot.gserviceaccount.com","updateTime":"2022-11-08T22:20:51.446Z","versionId":"1","labels":{"deployment-tool":"cli-firebase","firebase-functions-hash":"7bad225fe409db8a2bec90e406fa7bc21e600e16"},"sourceUploadUrl":"https://storage.googleapis.com/uploads-75759533777.europe-west3.cloudfunctions.appspot.com/0aeba45e-40e5-4726-83f5-73733684bc3d.zip?GoogleAccessId=service-450720626954@gcf-admin-robot.iam.gserviceaccount.com&Expires=1667948075&Signature=bhi7mYGQaSmyOIjpF5UfM%2BXjqHnYmsyE20AGmELTLUQRc1QWTNAKac93O3TIdykqkxz846u0b0gAWsWDnf06gjE8yV%2BClXYwqusy0yex03NsmoqSMEuYCAZwCzcsj2QRqB1gjBQ0GiXejf40imv6mvwsjU%2F%2FQ2VZu0S%2FM37ELjRmrDG3E%2Ft6lFvJU3aKoXzJqiaK5s2iBvXtO5Xp22YlPezzvEjzn9VaZveNc8O82SXzxLNYsbvfG0LkNZjvKlpF1rcP4K7rZBHlBBC%2B63LEWHJ9lLwQFmZMruhwDg10rQzA%2Fw2b2Oa153JeBGKBW63hdD%2Ft8AV591EErwjtgDekXg%3D%3D","environmentVariables":{"FIREBASE_CONFIG":"{\"projectId\":\"angular-chat-app-aaron\",\"storageBucket\":\"angular-chat-app-aaron.appspot.com\"}","GCLOUD_PROJECT":"angular-chat-app-aaron","EVENTARC_CLOUD_EVENT_SOURCE":"projects/angular-chat-app-aaron/locations/europe-west3/functions/createStreamUser"},"runtime":"nodejs16","ingressSettings":"ALLOW_ALL","buildId":"486286f3-3049-48fa-9457-83db64893a87","buildName":"projects/450720626954/locations/europe-west3/builds/486286f3-3049-48fa-9457-83db64893a87","dockerRegistry":"ARTIFACT_REGISTRY"},"versionId":"2","updateTime":"2022-11-08T22:24:38Z"}}
[debug] [2022-11-08T22:26:07.886Z] [update-default-europe-west3-createStreamUser] Retrying task index 0
[debug] [2022-11-08T22:26:07.887Z] >>> [apiv2][query] GET https://cloudfunctions.googleapis.com/v1/operations/YW5ndWxhci1jaGF0LWFwcC1hYXJvbi9ldXJvcGUtd2VzdDMvY3JlYXRlU3RyZWFtVXNlci9MUnE0RFRwYXluRQ [none]
[debug] [2022-11-08T22:26:08.392Z] <<< [apiv2][status] GET https://cloudfunctions.googleapis.com/v1/operations/YW5ndWxhci1jaGF0LWFwcC1hYXJvbi9ldXJvcGUtd2VzdDMvY3JlYXRlU3RyZWFtVXNlci9MUnE0RFRwYXluRQ 200
[debug] [2022-11-08T22:26:08.393Z] <<< [apiv2][body] GET https://cloudfunctions.googleapis.com/v1/operations/YW5ndWxhci1jaGF0LWFwcC1hYXJvbi9ldXJvcGUtd2VzdDMvY3JlYXRlU3RyZWFtVXNlci9MUnE0RFRwYXluRQ {"name":"operations/YW5ndWxhci1jaGF0LWFwcC1hYXJvbi9ldXJvcGUtd2VzdDMvY3JlYXRlU3RyZWFtVXNlci9MUnE0RFRwYXluRQ","metadata":{"@type":"type.googleapis.com/google.cloud.functions.v1.OperationMetadataV1","target":"projects/angular-chat-app-aaron/locations/europe-west3/functions/createStreamUser","type":"UPDATE_FUNCTION","request":{"@type":"type.googleapis.com/google.cloud.functions.v1.CloudFunction","name":"projects/angular-chat-app-aaron/locations/europe-west3/functions/createStreamUser","httpsTrigger":{"url":"https://europe-west3-angular-chat-app-aaron.cloudfunctions.net/createStreamUser","securityLevel":"SECURE_ALWAYS"},"status":"OFFLINE","entryPoint":"createStreamUser","timeout":"60s","availableMemoryMb":256,"serviceAccountEmail":"angular-chat-app-aaron@appspot.gserviceaccount.com","updateTime":"2022-11-08T22:20:51.446Z","versionId":"1","labels":{"deployment-tool":"cli-firebase","firebase-functions-hash":"7bad225fe409db8a2bec90e406fa7bc21e600e16"},"sourceUploadUrl":"https://storage.googleapis.com/uploads-75759533777.europe-west3.cloudfunctions.appspot.com/0aeba45e-40e5-4726-83f5-73733684bc3d.zip?GoogleAccessId=service-450720626954@gcf-admin-robot.iam.gserviceaccount.com&Expires=1667948075&Signature=bhi7mYGQaSmyOIjpF5UfM%2BXjqHnYmsyE20AGmELTLUQRc1QWTNAKac93O3TIdykqkxz846u0b0gAWsWDnf06gjE8yV%2BClXYwqusy0yex03NsmoqSMEuYCAZwCzcsj2QRqB1gjBQ0GiXejf40imv6mvwsjU%2F%2FQ2VZu0S%2FM37ELjRmrDG3E%2Ft6lFvJU3aKoXzJqiaK5s2iBvXtO5Xp22YlPezzvEjzn9VaZveNc8O82SXzxLNYsbvfG0LkNZjvKlpF1rcP4K7rZBHlBBC%2B63LEWHJ9lLwQFmZMruhwDg10rQzA%2Fw2b2Oa153JeBGKBW63hdD%2Ft8AV591EErwjtgDekXg%3D%3D","environmentVariables":{"FIREBASE_CONFIG":"{\"projectId\":\"angular-chat-app-aaron\",\"storageBucket\":\"angular-chat-app-aaron.appspot.com\"}","GCLOUD_PROJECT":"angular-chat-app-aaron","EVENTARC_CLOUD_EVENT_SOURCE":"projects/angular-chat-app-aaron/locations/europe-west3/functions/createStreamUser"},"runtime":"nodejs16","ingressSettings":"ALLOW_ALL","buildId":"486286f3-3049-48fa-9457-83db64893a87","buildName":"projects/450720626954/locations/europe-west3/builds/486286f3-3049-48fa-9457-83db64893a87","dockerRegistry":"ARTIFACT_REGISTRY"},"versionId":"2","updateTime":"2022-11-08T22:24:38Z","buildId":"8af30a32-4a64-4399-ab35-a6a9ab563be2","buildName":"projects/450720626954/locations/europe-west3/builds/8af30a32-4a64-4399-ab35-a6a9ab563be2"}}
[debug] [2022-11-08T22:26:10.396Z] [update-default-europe-west3-createStreamUser] Retrying task index 0
[debug] [2022-11-08T22:26:10.397Z] >>> [apiv2][query] GET https://cloudfunctions.googleapis.com/v1/operations/YW5ndWxhci1jaGF0LWFwcC1hYXJvbi9ldXJvcGUtd2VzdDMvY3JlYXRlU3RyZWFtVXNlci9MUnE0RFRwYXluRQ [none]
[debug] [2022-11-08T22:26:10.987Z] <<< [apiv2][status] GET https://cloudfunctions.googleapis.com/v1/operations/YW5ndWxhci1jaGF0LWFwcC1hYXJvbi9ldXJvcGUtd2VzdDMvY3JlYXRlU3RyZWFtVXNlci9MUnE0RFRwYXluRQ 200
[debug] [2022-11-08T22:26:10.987Z] <<< [apiv2][body] GET https://cloudfunctions.googleapis.com/v1/operations/YW5ndWxhci1jaGF0LWFwcC1hYXJvbi9ldXJvcGUtd2VzdDMvY3JlYXRlU3RyZWFtVXNlci9MUnE0RFRwYXluRQ {"name":"operations/YW5ndWxhci1jaGF0LWFwcC1hYXJvbi9ldXJvcGUtd2VzdDMvY3JlYXRlU3RyZWFtVXNlci9MUnE0RFRwYXluRQ","metadata":{"@type":"type.googleapis.com/google.cloud.functions.v1.OperationMetadataV1","target":"projects/angular-chat-app-aaron/locations/europe-west3/functions/createStreamUser","type":"UPDATE_FUNCTION","request":{"@type":"type.googleapis.com/google.cloud.functions.v1.CloudFunction","name":"projects/angular-chat-app-aaron/locations/europe-west3/functions/createStreamUser","httpsTrigger":{"url":"https://europe-west3-angular-chat-app-aaron.cloudfunctions.net/createStreamUser","securityLevel":"SECURE_ALWAYS"},"status":"OFFLINE","entryPoint":"createStreamUser","timeout":"60s","availableMemoryMb":256,"serviceAccountEmail":"angular-chat-app-aaron@appspot.gserviceaccount.com","updateTime":"2022-11-08T22:20:51.446Z","versionId":"1","labels":{"deployment-tool":"cli-firebase","firebase-functions-hash":"7bad225fe409db8a2bec90e406fa7bc21e600e16"},"sourceUploadUrl":"https://storage.googleapis.com/uploads-75759533777.europe-west3.cloudfunctions.appspot.com/0aeba45e-40e5-4726-83f5-73733684bc3d.zip?GoogleAccessId=service-450720626954@gcf-admin-robot.iam.gserviceaccount.com&Expires=1667948075&Signature=bhi7mYGQaSmyOIjpF5UfM%2BXjqHnYmsyE20AGmELTLUQRc1QWTNAKac93O3TIdykqkxz846u0b0gAWsWDnf06gjE8yV%2BClXYwqusy0yex03NsmoqSMEuYCAZwCzcsj2QRqB1gjBQ0GiXejf40imv6mvwsjU%2F%2FQ2VZu0S%2FM37ELjRmrDG3E%2Ft6lFvJU3aKoXzJqiaK5s2iBvXtO5Xp22YlPezzvEjzn9VaZveNc8O82SXzxLNYsbvfG0LkNZjvKlpF1rcP4K7rZBHlBBC%2B63LEWHJ9lLwQFmZMruhwDg10rQzA%2Fw2b2Oa153JeBGKBW63hdD%2Ft8AV591EErwjtgDekXg%3D%3D","environmentVariables":{"FIREBASE_CONFIG":"{\"projectId\":\"angular-chat-app-aaron\",\"storageBucket\":\"angular-chat-app-aaron.appspot.com\"}","GCLOUD_PROJECT":"angular-chat-app-aaron","EVENTARC_CLOUD_EVENT_SOURCE":"projects/angular-chat-app-aaron/locations/europe-west3/functions/createStreamUser"},"runtime":"nodejs16","ingressSettings":"ALLOW_ALL","buildId":"486286f3-3049-48fa-9457-83db64893a87","buildName":"projects/450720626954/locations/europe-west3/builds/486286f3-3049-48fa-9457-83db64893a87","dockerRegistry":"ARTIFACT_REGISTRY"},"versionId":"2","updateTime":"2022-11-08T22:24:38Z","buildId":"8af30a32-4a64-4399-ab35-a6a9ab563be2","buildName":"projects/450720626954/locations/europe-west3/builds/8af30a32-4a64-4399-ab35-a6a9ab563be2"}}
[debug] [2022-11-08T22:26:14.993Z] [update-default-europe-west3-createStreamUser] Retrying task index 0
[debug] [2022-11-08T22:26:14.994Z] >>> [apiv2][query] GET https://cloudfunctions.googleapis.com/v1/operations/YW5ndWxhci1jaGF0LWFwcC1hYXJvbi9ldXJvcGUtd2VzdDMvY3JlYXRlU3RyZWFtVXNlci9MUnE0RFRwYXluRQ [none]
[debug] [2022-11-08T22:26:15.472Z] <<< [apiv2][status] GET https://cloudfunctions.googleapis.com/v1/operations/YW5ndWxhci1jaGF0LWFwcC1hYXJvbi9ldXJvcGUtd2VzdDMvY3JlYXRlU3RyZWFtVXNlci9MUnE0RFRwYXluRQ 200
[debug] [2022-11-08T22:26:15.472Z] <<< [apiv2][body] GET https://cloudfunctions.googleapis.com/v1/operations/YW5ndWxhci1jaGF0LWFwcC1hYXJvbi9ldXJvcGUtd2VzdDMvY3JlYXRlU3RyZWFtVXNlci9MUnE0RFRwYXluRQ {"name":"operations/YW5ndWxhci1jaGF0LWFwcC1hYXJvbi9ldXJvcGUtd2VzdDMvY3JlYXRlU3RyZWFtVXNlci9MUnE0RFRwYXluRQ","metadata":{"@type":"type.googleapis.com/google.cloud.functions.v1.OperationMetadataV1","target":"projects/angular-chat-app-aaron/locations/europe-west3/functions/createStreamUser","type":"UPDATE_FUNCTION","request":{"@type":"type.googleapis.com/google.cloud.functions.v1.CloudFunction","name":"projects/angular-chat-app-aaron/locations/europe-west3/functions/createStreamUser","httpsTrigger":{"url":"https://europe-west3-angular-chat-app-aaron.cloudfunctions.net/createStreamUser","securityLevel":"SECURE_ALWAYS"},"status":"OFFLINE","entryPoint":"createStreamUser","timeout":"60s","availableMemoryMb":256,"serviceAccountEmail":"angular-chat-app-aaron@appspot.gserviceaccount.com","updateTime":"2022-11-08T22:20:51.446Z","versionId":"1","labels":{"deployment-tool":"cli-firebase","firebase-functions-hash":"7bad225fe409db8a2bec90e406fa7bc21e600e16"},"sourceUploadUrl":"https://storage.googleapis.com/uploads-75759533777.europe-west3.cloudfunctions.appspot.com/0aeba45e-40e5-4726-83f5-73733684bc3d.zip?GoogleAccessId=service-450720626954@gcf-admin-robot.iam.gserviceaccount.com&Expires=1667948075&Signature=bhi7mYGQaSmyOIjpF5UfM%2BXjqHnYmsyE20AGmELTLUQRc1QWTNAKac93O3TIdykqkxz846u0b0gAWsWDnf06gjE8yV%2BClXYwqusy0yex03NsmoqSMEuYCAZwCzcsj2QRqB1gjBQ0GiXejf40imv6mvwsjU%2F%2FQ2VZu0S%2FM37ELjRmrDG3E%2Ft6lFvJU3aKoXzJqiaK5s2iBvXtO5Xp22YlPezzvEjzn9VaZveNc8O82SXzxLNYsbvfG0LkNZjvKlpF1rcP4K7rZBHlBBC%2B63LEWHJ9lLwQFmZMruhwDg10rQzA%2Fw2b2Oa153JeBGKBW63hdD%2Ft8AV591EErwjtgDekXg%3D%3D","environmentVariables":{"FIREBASE_CONFIG":"{\"projectId\":\"angular-chat-app-aaron\",\"storageBucket\":\"angular-chat-app-aaron.appspot.com\"}","GCLOUD_PROJECT":"angular-chat-app-aaron","EVENTARC_CLOUD_EVENT_SOURCE":"projects/angular-chat-app-aaron/locations/europe-west3/functions/createStreamUser"},"runtime":"nodejs16","ingressSettings":"ALLOW_ALL","buildId":"486286f3-3049-48fa-9457-83db64893a87","buildName":"projects/450720626954/locations/europe-west3/builds/486286f3-3049-48fa-9457-83db64893a87","dockerRegistry":"ARTIFACT_REGISTRY"},"versionId":"2","updateTime":"2022-11-08T22:24:38Z","buildId":"8af30a32-4a64-4399-ab35-a6a9ab563be2","buildName":"projects/450720626954/locations/europe-west3/builds/8af30a32-4a64-4399-ab35-a6a9ab563be2"}}
[debug] [2022-11-08T22:26:23.481Z] [update-default-europe-west3-createStreamUser] Retrying task index 0
[debug] [2022-11-08T22:26:23.481Z] >>> [apiv2][query] GET https://cloudfunctions.googleapis.com/v1/operations/YW5ndWxhci1jaGF0LWFwcC1hYXJvbi9ldXJvcGUtd2VzdDMvY3JlYXRlU3RyZWFtVXNlci9MUnE0RFRwYXluRQ [none]
[debug] [2022-11-08T22:26:23.938Z] <<< [apiv2][status] GET https://cloudfunctions.googleapis.com/v1/operations/YW5ndWxhci1jaGF0LWFwcC1hYXJvbi9ldXJvcGUtd2VzdDMvY3JlYXRlU3RyZWFtVXNlci9MUnE0RFRwYXluRQ 200
[debug] [2022-11-08T22:26:23.938Z] <<< [apiv2][body] GET https://cloudfunctions.googleapis.com/v1/operations/YW5ndWxhci1jaGF0LWFwcC1hYXJvbi9ldXJvcGUtd2VzdDMvY3JlYXRlU3RyZWFtVXNlci9MUnE0RFRwYXluRQ {"name":"operations/YW5ndWxhci1jaGF0LWFwcC1hYXJvbi9ldXJvcGUtd2VzdDMvY3JlYXRlU3RyZWFtVXNlci9MUnE0RFRwYXluRQ","metadata":{"@type":"type.googleapis.com/google.cloud.functions.v1.OperationMetadataV1","target":"projects/angular-chat-app-aaron/locations/europe-west3/functions/createStreamUser","type":"UPDATE_FUNCTION","request":{"@type":"type.googleapis.com/google.cloud.functions.v1.CloudFunction","name":"projects/angular-chat-app-aaron/locations/europe-west3/functions/createStreamUser","httpsTrigger":{"url":"https://europe-west3-angular-chat-app-aaron.cloudfunctions.net/createStreamUser","securityLevel":"SECURE_ALWAYS"},"status":"OFFLINE","entryPoint":"createStreamUser","timeout":"60s","availableMemoryMb":256,"serviceAccountEmail":"angular-chat-app-aaron@appspot.gserviceaccount.com","updateTime":"2022-11-08T22:20:51.446Z","versionId":"1","labels":{"deployment-tool":"cli-firebase","firebase-functions-hash":"7bad225fe409db8a2bec90e406fa7bc21e600e16"},"sourceUploadUrl":"https://storage.googleapis.com/uploads-75759533777.europe-west3.cloudfunctions.appspot.com/0aeba45e-40e5-4726-83f5-73733684bc3d.zip?GoogleAccessId=service-450720626954@gcf-admin-robot.iam.gserviceaccount.com&Expires=1667948075&Signature=bhi7mYGQaSmyOIjpF5UfM%2BXjqHnYmsyE20AGmELTLUQRc1QWTNAKac93O3TIdykqkxz846u0b0gAWsWDnf06gjE8yV%2BClXYwqusy0yex03NsmoqSMEuYCAZwCzcsj2QRqB1gjBQ0GiXejf40imv6mvwsjU%2F%2FQ2VZu0S%2FM37ELjRmrDG3E%2Ft6lFvJU3aKoXzJqiaK5s2iBvXtO5Xp22YlPezzvEjzn9VaZveNc8O82SXzxLNYsbvfG0LkNZjvKlpF1rcP4K7rZBHlBBC%2B63LEWHJ9lLwQFmZMruhwDg10rQzA%2Fw2b2Oa153JeBGKBW63hdD%2Ft8AV591EErwjtgDekXg%3D%3D","environmentVariables":{"FIREBASE_CONFIG":"{\"projectId\":\"angular-chat-app-aaron\",\"storageBucket\":\"angular-chat-app-aaron.appspot.com\"}","GCLOUD_PROJECT":"angular-chat-app-aaron","EVENTARC_CLOUD_EVENT_SOURCE":"projects/angular-chat-app-aaron/locations/europe-west3/functions/createStreamUser"},"runtime":"nodejs16","ingressSettings":"ALLOW_ALL","buildId":"486286f3-3049-48fa-9457-83db64893a87","buildName":"projects/450720626954/locations/europe-west3/builds/486286f3-3049-48fa-9457-83db64893a87","dockerRegistry":"ARTIFACT_REGISTRY"},"versionId":"2","updateTime":"2022-11-08T22:24:38Z","buildId":"8af30a32-4a64-4399-ab35-a6a9ab563be2","buildName":"projects/450720626954/locations/europe-west3/builds/8af30a32-4a64-4399-ab35-a6a9ab563be2"}}
[debug] [2022-11-08T22:26:33.943Z] [update-default-europe-west3-createStreamUser] Retrying task index 0
[debug] [2022-11-08T22:26:33.944Z] >>> [apiv2][query] GET https://cloudfunctions.googleapis.com/v1/operations/YW5ndWxhci1jaGF0LWFwcC1hYXJvbi9ldXJvcGUtd2VzdDMvY3JlYXRlU3RyZWFtVXNlci9MUnE0RFRwYXluRQ [none]
[debug] [2022-11-08T22:26:34.402Z] <<< [apiv2][status] GET https://cloudfunctions.googleapis.com/v1/operations/YW5ndWxhci1jaGF0LWFwcC1hYXJvbi9ldXJvcGUtd2VzdDMvY3JlYXRlU3RyZWFtVXNlci9MUnE0RFRwYXluRQ 200
[debug] [2022-11-08T22:26:34.403Z] <<< [apiv2][body] GET https://cloudfunctions.googleapis.com/v1/operations/YW5ndWxhci1jaGF0LWFwcC1hYXJvbi9ldXJvcGUtd2VzdDMvY3JlYXRlU3RyZWFtVXNlci9MUnE0RFRwYXluRQ {"name":"operations/YW5ndWxhci1jaGF0LWFwcC1hYXJvbi9ldXJvcGUtd2VzdDMvY3JlYXRlU3RyZWFtVXNlci9MUnE0RFRwYXluRQ","metadata":{"@type":"type.googleapis.com/google.cloud.functions.v1.OperationMetadataV1","target":"projects/angular-chat-app-aaron/locations/europe-west3/functions/createStreamUser","type":"UPDATE_FUNCTION","request":{"@type":"type.googleapis.com/google.cloud.functions.v1.CloudFunction","name":"projects/angular-chat-app-aaron/locations/europe-west3/functions/createStreamUser","httpsTrigger":{"url":"https://europe-west3-angular-chat-app-aaron.cloudfunctions.net/createStreamUser","securityLevel":"SECURE_ALWAYS"},"status":"OFFLINE","entryPoint":"createStreamUser","timeout":"60s","availableMemoryMb":256,"serviceAccountEmail":"angular-chat-app-aaron@appspot.gserviceaccount.com","updateTime":"2022-11-08T22:20:51.446Z","versionId":"1","labels":{"deployment-tool":"cli-firebase","firebase-functions-hash":"7bad225fe409db8a2bec90e406fa7bc21e600e16"},"sourceUploadUrl":"https://storage.googleapis.com/uploads-75759533777.europe-west3.cloudfunctions.appspot.com/0aeba45e-40e5-4726-83f5-73733684bc3d.zip?GoogleAccessId=service-450720626954@gcf-admin-robot.iam.gserviceaccount.com&Expires=1667948075&Signature=bhi7mYGQaSmyOIjpF5UfM%2BXjqHnYmsyE20AGmELTLUQRc1QWTNAKac93O3TIdykqkxz846u0b0gAWsWDnf06gjE8yV%2BClXYwqusy0yex03NsmoqSMEuYCAZwCzcsj2QRqB1gjBQ0GiXejf40imv6mvwsjU%2F%2FQ2VZu0S%2FM37ELjRmrDG3E%2Ft6lFvJU3aKoXzJqiaK5s2iBvXtO5Xp22YlPezzvEjzn9VaZveNc8O82SXzxLNYsbvfG0LkNZjvKlpF1rcP4K7rZBHlBBC%2B63LEWHJ9lLwQFmZMruhwDg10rQzA%2Fw2b2Oa153JeBGKBW63hdD%2Ft8AV591EErwjtgDekXg%3D%3D","environmentVariables":{"FIREBASE_CONFIG":"{\"projectId\":\"angular-chat-app-aaron\",\"storageBucket\":\"angular-chat-app-aaron.appspot.com\"}","GCLOUD_PROJECT":"angular-chat-app-aaron","EVENTARC_CLOUD_EVENT_SOURCE":"projects/angular-chat-app-aaron/locations/europe-west3/functions/createStreamUser"},"runtime":"nodejs16","ingressSettings":"ALLOW_ALL","buildId":"486286f3-3049-48fa-9457-83db64893a87","buildName":"projects/450720626954/locations/europe-west3/builds/486286f3-3049-48fa-9457-83db64893a87","dockerRegistry":"ARTIFACT_REGISTRY"},"versionId":"2","updateTime":"2022-11-08T22:24:38Z","buildId":"8af30a32-4a64-4399-ab35-a6a9ab563be2","buildName":"projects/450720626954/locations/europe-west3/builds/8af30a32-4a64-4399-ab35-a6a9ab563be2"}}
[debug] [2022-11-08T22:26:44.412Z] [update-default-europe-west3-createStreamUser] Retrying task index 0
[debug] [2022-11-08T22:26:44.414Z] >>> [apiv2][query] GET https://cloudfunctions.googleapis.com/v1/operations/YW5ndWxhci1jaGF0LWFwcC1hYXJvbi9ldXJvcGUtd2VzdDMvY3JlYXRlU3RyZWFtVXNlci9MUnE0RFRwYXluRQ [none]
[debug] [2022-11-08T22:26:44.873Z] <<< [apiv2][status] GET https://cloudfunctions.googleapis.com/v1/operations/YW5ndWxhci1jaGF0LWFwcC1hYXJvbi9ldXJvcGUtd2VzdDMvY3JlYXRlU3RyZWFtVXNlci9MUnE0RFRwYXluRQ 200
[debug] [2022-11-08T22:26:44.874Z] <<< [apiv2][body] GET https://cloudfunctions.googleapis.com/v1/operations/YW5ndWxhci1jaGF0LWFwcC1hYXJvbi9ldXJvcGUtd2VzdDMvY3JlYXRlU3RyZWFtVXNlci9MUnE0RFRwYXluRQ {"name":"operations/YW5ndWxhci1jaGF0LWFwcC1hYXJvbi9ldXJvcGUtd2VzdDMvY3JlYXRlU3RyZWFtVXNlci9MUnE0RFRwYXluRQ","metadata":{"@type":"type.googleapis.com/google.cloud.functions.v1.OperationMetadataV1","target":"projects/angular-chat-app-aaron/locations/europe-west3/functions/createStreamUser","type":"UPDATE_FUNCTION","request":{"@type":"type.googleapis.com/google.cloud.functions.v1.CloudFunction","name":"projects/angular-chat-app-aaron/locations/europe-west3/functions/createStreamUser","httpsTrigger":{"url":"https://europe-west3-angular-chat-app-aaron.cloudfunctions.net/createStreamUser","securityLevel":"SECURE_ALWAYS"},"status":"OFFLINE","entryPoint":"createStreamUser","timeout":"60s","availableMemoryMb":256,"serviceAccountEmail":"angular-chat-app-aaron@appspot.gserviceaccount.com","updateTime":"2022-11-08T22:20:51.446Z","versionId":"1","labels":{"deployment-tool":"cli-firebase","firebase-functions-hash":"7bad225fe409db8a2bec90e406fa7bc21e600e16"},"sourceUploadUrl":"https://storage.googleapis.com/uploads-75759533777.europe-west3.cloudfunctions.appspot.com/0aeba45e-40e5-4726-83f5-73733684bc3d.zip?GoogleAccessId=service-450720626954@gcf-admin-robot.iam.gserviceaccount.com&Expires=1667948075&Signature=bhi7mYGQaSmyOIjpF5UfM%2BXjqHnYmsyE20AGmELTLUQRc1QWTNAKac93O3TIdykqkxz846u0b0gAWsWDnf06gjE8yV%2BClXYwqusy0yex03NsmoqSMEuYCAZwCzcsj2QRqB1gjBQ0GiXejf40imv6mvwsjU%2F%2FQ2VZu0S%2FM37ELjRmrDG3E%2Ft6lFvJU3aKoXzJqiaK5s2iBvXtO5Xp22YlPezzvEjzn9VaZveNc8O82SXzxLNYsbvfG0LkNZjvKlpF1rcP4K7rZBHlBBC%2B63LEWHJ9lLwQFmZMruhwDg10rQzA%2Fw2b2Oa153JeBGKBW63hdD%2Ft8AV591EErwjtgDekXg%3D%3D","environmentVariables":{"FIREBASE_CONFIG":"{\"projectId\":\"angular-chat-app-aaron\",\"storageBucket\":\"angular-chat-app-aaron.appspot.com\"}","GCLOUD_PROJECT":"angular-chat-app-aaron","EVENTARC_CLOUD_EVENT_SOURCE":"projects/angular-chat-app-aaron/locations/europe-west3/functions/createStreamUser"},"runtime":"nodejs16","ingressSettings":"ALLOW_ALL","buildId":"486286f3-3049-48fa-9457-83db64893a87","buildName":"projects/450720626954/locations/europe-west3/builds/486286f3-3049-48fa-9457-83db64893a87","dockerRegistry":"ARTIFACT_REGISTRY"},"versionId":"2","updateTime":"2022-11-08T22:24:38Z","buildId":"8af30a32-4a64-4399-ab35-a6a9ab563be2","buildName":"projects/450720626954/locations/europe-west3/builds/8af30a32-4a64-4399-ab35-a6a9ab563be2"}}
[debug] [2022-11-08T22:26:54.882Z] [update-default-europe-west3-createStreamUser] Retrying task index 0
[debug] [2022-11-08T22:26:54.883Z] >>> [apiv2][query] GET https://cloudfunctions.googleapis.com/v1/operations/YW5ndWxhci1jaGF0LWFwcC1hYXJvbi9ldXJvcGUtd2VzdDMvY3JlYXRlU3RyZWFtVXNlci9MUnE0RFRwYXluRQ [none]
[debug] [2022-11-08T22:26:55.339Z] <<< [apiv2][status] GET https://cloudfunctions.googleapis.com/v1/operations/YW5ndWxhci1jaGF0LWFwcC1hYXJvbi9ldXJvcGUtd2VzdDMvY3JlYXRlU3RyZWFtVXNlci9MUnE0RFRwYXluRQ 200
[debug] [2022-11-08T22:26:55.339Z] <<< [apiv2][body] GET https://cloudfunctions.googleapis.com/v1/operations/YW5ndWxhci1jaGF0LWFwcC1hYXJvbi9ldXJvcGUtd2VzdDMvY3JlYXRlU3RyZWFtVXNlci9MUnE0RFRwYXluRQ {"name":"operations/YW5ndWxhci1jaGF0LWFwcC1hYXJvbi9ldXJvcGUtd2VzdDMvY3JlYXRlU3RyZWFtVXNlci9MUnE0RFRwYXluRQ","metadata":{"@type":"type.googleapis.com/google.cloud.functions.v1.OperationMetadataV1","target":"projects/angular-chat-app-aaron/locations/europe-west3/functions/createStreamUser","type":"UPDATE_FUNCTION","request":{"@type":"type.googleapis.com/google.cloud.functions.v1.CloudFunction","name":"projects/angular-chat-app-aaron/locations/europe-west3/functions/createStreamUser","httpsTrigger":{"url":"https://europe-west3-angular-chat-app-aaron.cloudfunctions.net/createStreamUser","securityLevel":"SECURE_ALWAYS"},"status":"OFFLINE","entryPoint":"createStreamUser","timeout":"60s","availableMemoryMb":256,"serviceAccountEmail":"angular-chat-app-aaron@appspot.gserviceaccount.com","updateTime":"2022-11-08T22:20:51.446Z","versionId":"1","labels":{"deployment-tool":"cli-firebase","firebase-functions-hash":"7bad225fe409db8a2bec90e406fa7bc21e600e16"},"sourceUploadUrl":"https://storage.googleapis.com/uploads-75759533777.europe-west3.cloudfunctions.appspot.com/0aeba45e-40e5-4726-83f5-73733684bc3d.zip?GoogleAccessId=service-450720626954@gcf-admin-robot.iam.gserviceaccount.com&Expires=1667948075&Signature=bhi7mYGQaSmyOIjpF5UfM%2BXjqHnYmsyE20AGmELTLUQRc1QWTNAKac93O3TIdykqkxz846u0b0gAWsWDnf06gjE8yV%2BClXYwqusy0yex03NsmoqSMEuYCAZwCzcsj2QRqB1gjBQ0GiXejf40imv6mvwsjU%2F%2FQ2VZu0S%2FM37ELjRmrDG3E%2Ft6lFvJU3aKoXzJqiaK5s2iBvXtO5Xp22YlPezzvEjzn9VaZveNc8O82SXzxLNYsbvfG0LkNZjvKlpF1rcP4K7rZBHlBBC%2B63LEWHJ9lLwQFmZMruhwDg10rQzA%2Fw2b2Oa153JeBGKBW63hdD%2Ft8AV591EErwjtgDekXg%3D%3D","environmentVariables":{"FIREBASE_CONFIG":"{\"projectId\":\"angular-chat-app-aaron\",\"storageBucket\":\"angular-chat-app-aaron.appspot.com\"}","GCLOUD_PROJECT":"angular-chat-app-aaron","EVENTARC_CLOUD_EVENT_SOURCE":"projects/angular-chat-app-aaron/locations/europe-west3/functions/createStreamUser"},"runtime":"nodejs16","ingressSettings":"ALLOW_ALL","buildId":"486286f3-3049-48fa-9457-83db64893a87","buildName":"projects/450720626954/locations/europe-west3/builds/486286f3-3049-48fa-9457-83db64893a87","dockerRegistry":"ARTIFACT_REGISTRY"},"versionId":"2","updateTime":"2022-11-08T22:24:38Z","buildId":"8af30a32-4a64-4399-ab35-a6a9ab563be2","buildName":"projects/450720626954/locations/europe-west3/builds/8af30a32-4a64-4399-ab35-a6a9ab563be2"}}
[debug] [2022-11-08T22:27:05.344Z] [update-default-europe-west3-createStreamUser] Retrying task index 0
[debug] [2022-11-08T22:27:05.344Z] >>> [apiv2][query] GET https://cloudfunctions.googleapis.com/v1/operations/YW5ndWxhci1jaGF0LWFwcC1hYXJvbi9ldXJvcGUtd2VzdDMvY3JlYXRlU3RyZWFtVXNlci9MUnE0RFRwYXluRQ [none]
[debug] [2022-11-08T22:27:05.802Z] <<< [apiv2][status] GET https://cloudfunctions.googleapis.com/v1/operations/YW5ndWxhci1jaGF0LWFwcC1hYXJvbi9ldXJvcGUtd2VzdDMvY3JlYXRlU3RyZWFtVXNlci9MUnE0RFRwYXluRQ 200
[debug] [2022-11-08T22:27:05.803Z] <<< [apiv2][body] GET https://cloudfunctions.googleapis.com/v1/operations/YW5ndWxhci1jaGF0LWFwcC1hYXJvbi9ldXJvcGUtd2VzdDMvY3JlYXRlU3RyZWFtVXNlci9MUnE0RFRwYXluRQ {"name":"operations/YW5ndWxhci1jaGF0LWFwcC1hYXJvbi9ldXJvcGUtd2VzdDMvY3JlYXRlU3RyZWFtVXNlci9MUnE0RFRwYXluRQ","metadata":{"@type":"type.googleapis.com/google.cloud.functions.v1.OperationMetadataV1","target":"projects/angular-chat-app-aaron/locations/europe-west3/functions/createStreamUser","type":"UPDATE_FUNCTION","request":{"@type":"type.googleapis.com/google.cloud.functions.v1.CloudFunction","name":"projects/angular-chat-app-aaron/locations/europe-west3/functions/createStreamUser","httpsTrigger":{"url":"https://europe-west3-angular-chat-app-aaron.cloudfunctions.net/createStreamUser","securityLevel":"SECURE_ALWAYS"},"status":"OFFLINE","entryPoint":"createStreamUser","timeout":"60s","availableMemoryMb":256,"serviceAccountEmail":"angular-chat-app-aaron@appspot.gserviceaccount.com","updateTime":"2022-11-08T22:20:51.446Z","versionId":"1","labels":{"deployment-tool":"cli-firebase","firebase-functions-hash":"7bad225fe409db8a2bec90e406fa7bc21e600e16"},"sourceUploadUrl":"https://storage.googleapis.com/uploads-75759533777.europe-west3.cloudfunctions.appspot.com/0aeba45e-40e5-4726-83f5-73733684bc3d.zip?GoogleAccessId=service-450720626954@gcf-admin-robot.iam.gserviceaccount.com&Expires=1667948075&Signature=bhi7mYGQaSmyOIjpF5UfM%2BXjqHnYmsyE20AGmELTLUQRc1QWTNAKac93O3TIdykqkxz846u0b0gAWsWDnf06gjE8yV%2BClXYwqusy0yex03NsmoqSMEuYCAZwCzcsj2QRqB1gjBQ0GiXejf40imv6mvwsjU%2F%2FQ2VZu0S%2FM37ELjRmrDG3E%2Ft6lFvJU3aKoXzJqiaK5s2iBvXtO5Xp22YlPezzvEjzn9VaZveNc8O82SXzxLNYsbvfG0LkNZjvKlpF1rcP4K7rZBHlBBC%2B63LEWHJ9lLwQFmZMruhwDg10rQzA%2Fw2b2Oa153JeBGKBW63hdD%2Ft8AV591EErwjtgDekXg%3D%3D","environmentVariables":{"FIREBASE_CONFIG":"{\"projectId\":\"angular-chat-app-aaron\",\"storageBucket\":\"angular-chat-app-aaron.appspot.com\"}","GCLOUD_PROJECT":"angular-chat-app-aaron","EVENTARC_CLOUD_EVENT_SOURCE":"projects/angular-chat-app-aaron/locations/europe-west3/functions/createStreamUser"},"runtime":"nodejs16","ingressSettings":"ALLOW_ALL","buildId":"486286f3-3049-48fa-9457-83db64893a87","buildName":"projects/450720626954/locations/europe-west3/builds/486286f3-3049-48fa-9457-83db64893a87","dockerRegistry":"ARTIFACT_REGISTRY"},"versionId":"2","updateTime":"2022-11-08T22:24:38Z","buildId":"8af30a32-4a64-4399-ab35-a6a9ab563be2","sourceToken":"20c2e317-f5a3-45cf-936d-35ba30b7cee6","buildName":"projects/450720626954/locations/europe-west3/builds/8af30a32-4a64-4399-ab35-a6a9ab563be2"}}
[debug] [2022-11-08T22:27:05.803Z] Got source token 20c2e317-f5a3-45cf-936d-35ba30b7cee6 for region europe-west3
[debug] [2022-11-08T22:27:15.812Z] [update-default-europe-west3-createStreamUser] Retrying task index 0
[debug] [2022-11-08T22:27:15.813Z] >>> [apiv2][query] GET https://cloudfunctions.googleapis.com/v1/operations/YW5ndWxhci1jaGF0LWFwcC1hYXJvbi9ldXJvcGUtd2VzdDMvY3JlYXRlU3RyZWFtVXNlci9MUnE0RFRwYXluRQ [none]
[debug] [2022-11-08T22:27:16.316Z] <<< [apiv2][status] GET https://cloudfunctions.googleapis.com/v1/operations/YW5ndWxhci1jaGF0LWFwcC1hYXJvbi9ldXJvcGUtd2VzdDMvY3JlYXRlU3RyZWFtVXNlci9MUnE0RFRwYXluRQ 200
[debug] [2022-11-08T22:27:16.318Z] <<< [apiv2][body] GET https://cloudfunctions.googleapis.com/v1/operations/YW5ndWxhci1jaGF0LWFwcC1hYXJvbi9ldXJvcGUtd2VzdDMvY3JlYXRlU3RyZWFtVXNlci9MUnE0RFRwYXluRQ {"name":"operations/YW5ndWxhci1jaGF0LWFwcC1hYXJvbi9ldXJvcGUtd2VzdDMvY3JlYXRlU3RyZWFtVXNlci9MUnE0RFRwYXluRQ","metadata":{"@type":"type.googleapis.com/google.cloud.functions.v1.OperationMetadataV1","target":"projects/angular-chat-app-aaron/locations/europe-west3/functions/createStreamUser","type":"UPDATE_FUNCTION","request":{"@type":"type.googleapis.com/google.cloud.functions.v1.CloudFunction","name":"projects/angular-chat-app-aaron/locations/europe-west3/functions/createStreamUser","httpsTrigger":{"url":"https://europe-west3-angular-chat-app-aaron.cloudfunctions.net/createStreamUser","securityLevel":"SECURE_ALWAYS"},"status":"OFFLINE","entryPoint":"createStreamUser","timeout":"60s","availableMemoryMb":256,"serviceAccountEmail":"angular-chat-app-aaron@appspot.gserviceaccount.com","updateTime":"2022-11-08T22:20:51.446Z","versionId":"1","labels":{"deployment-tool":"cli-firebase","firebase-functions-hash":"7bad225fe409db8a2bec90e406fa7bc21e600e16"},"sourceUploadUrl":"https://storage.googleapis.com/uploads-75759533777.europe-west3.cloudfunctions.appspot.com/0aeba45e-40e5-4726-83f5-73733684bc3d.zip?GoogleAccessId=service-450720626954@gcf-admin-robot.iam.gserviceaccount.com&Expires=1667948075&Signature=bhi7mYGQaSmyOIjpF5UfM%2BXjqHnYmsyE20AGmELTLUQRc1QWTNAKac93O3TIdykqkxz846u0b0gAWsWDnf06gjE8yV%2BClXYwqusy0yex03NsmoqSMEuYCAZwCzcsj2QRqB1gjBQ0GiXejf40imv6mvwsjU%2F%2FQ2VZu0S%2FM37ELjRmrDG3E%2Ft6lFvJU3aKoXzJqiaK5s2iBvXtO5Xp22YlPezzvEjzn9VaZveNc8O82SXzxLNYsbvfG0LkNZjvKlpF1rcP4K7rZBHlBBC%2B63LEWHJ9lLwQFmZMruhwDg10rQzA%2Fw2b2Oa153JeBGKBW63hdD%2Ft8AV591EErwjtgDekXg%3D%3D","environmentVariables":{"FIREBASE_CONFIG":"{\"projectId\":\"angular-chat-app-aaron\",\"storageBucket\":\"angular-chat-app-aaron.appspot.com\"}","GCLOUD_PROJECT":"angular-chat-app-aaron","EVENTARC_CLOUD_EVENT_SOURCE":"projects/angular-chat-app-aaron/locations/europe-west3/functions/createStreamUser"},"runtime":"nodejs16","ingressSettings":"ALLOW_ALL","buildId":"486286f3-3049-48fa-9457-83db64893a87","buildName":"projects/450720626954/locations/europe-west3/builds/486286f3-3049-48fa-9457-83db64893a87","dockerRegistry":"ARTIFACT_REGISTRY"},"versionId":"2","updateTime":"2022-11-08T22:25:41Z","buildId":"8af30a32-4a64-4399-ab35-a6a9ab563be2","sourceToken":"20c2e317-f5a3-45cf-936d-35ba30b7cee6","buildName":"projects/450720626954/locations/europe-west3/builds/8af30a32-4a64-4399-ab35-a6a9ab563be2"},"done":true,"error":{"code":3,"message":"Function failed on loading user code. This is likely due to a bug in the user code. Error message: Error: please examine your function logs to see the error cause: https://cloud.google.com/functions/docs/monitoring/logging#viewing_logs. Additional troubleshooting documentation can be found at https://cloud.google.com/functions/docs/troubleshooting#logging. Please visit https://cloud.google.com/functions/docs/troubleshooting for in-depth troubleshooting documentation."}}
[debug] [2022-11-08T22:27:16.318Z] Got source token 20c2e317-f5a3-45cf-936d-35ba30b7cee6 for region europe-west3
[error] Function failed on loading user code. This is likely due to a bug in the user code. Error message: Error: please examine your function logs to see the error cause: https://cloud.google.com/functions/docs/monitoring/logging#viewing_logs. Additional troubleshooting documentation can be found at https://cloud.google.com/functions/docs/troubleshooting#logging. Please visit https://cloud.google.com/functions/docs/troubleshooting for in-depth troubleshooting documentation.
[debug] [2022-11-08T22:27:16.328Z] Total Function Deployment time: 71895
[debug] [2022-11-08T22:27:16.328Z] 1 Functions Deployed
[debug] [2022-11-08T22:27:16.329Z] 1 Functions Errored
[debug] [2022-11-08T22:27:16.329Z] 0 Function Deployments Aborted
[debug] [2022-11-08T22:27:16.330Z] Average Function Deployment time: 71891
[info] 
[info] Functions deploy had errors with the following functions:
	createStreamUser(europe-west3)
[debug] [2022-11-08T22:27:16.336Z] Not printing URL for HTTPS function. Typically this means it didn't match a filter or we failed deployment
[info] i  functions: cleaning up build files... 
[debug] [2022-11-08T22:27:16.342Z] >>> [apiv2][query] DELETE https://artifactregistry.googleapis.com/v1beta2/projects/angular-chat-app-aaron/locations/europe-west3/repositories/gcf-artifacts/packages/create_stream_user [none]
[debug] [2022-11-08T22:27:16.345Z] >>> [apiv2][query] GET https://eu.gcr.io/v2/angular-chat-app-aaron/gcf/europe-west3/tags/list [none]
[debug] [2022-11-08T22:27:16.801Z] <<< [apiv2][status] GET https://eu.gcr.io/v2/angular-chat-app-aaron/gcf/europe-west3/tags/list 200
[debug] [2022-11-08T22:27:16.802Z] <<< [apiv2][body] GET https://eu.gcr.io/v2/angular-chat-app-aaron/gcf/europe-west3/tags/list {"child":[],"manifest":{},"name":"angular-chat-app-aaron/gcf/europe-west3","tags":[]}
[debug] [2022-11-08T22:27:16.802Z] Could not find image for function projects/angular-chat-app-aaron/locations/europe-west3/functions/createStreamUser
[debug] [2022-11-08T22:27:16.827Z] <<< [apiv2][status] DELETE https://artifactregistry.googleapis.com/v1beta2/projects/angular-chat-app-aaron/locations/europe-west3/repositories/gcf-artifacts/packages/create_stream_user 200
[debug] [2022-11-08T22:27:16.827Z] <<< [apiv2][body] DELETE https://artifactregistry.googleapis.com/v1beta2/projects/angular-chat-app-aaron/locations/europe-west3/repositories/gcf-artifacts/packages/create_stream_user {"name":"projects/angular-chat-app-aaron/locations/europe-west3/operations/c65f5405-fabb-45d6-a0ee-6d2afbded52c","metadata":{"@type":"type.googleapis.com/google.devtools.artifactregistry.v1beta2.OperationMetadata"}}
[debug] [2022-11-08T22:27:16.828Z] >>> [apiv2][query] GET https://artifactregistry.googleapis.com/v1beta2/projects/angular-chat-app-aaron/locations/europe-west3/operations/c65f5405-fabb-45d6-a0ee-6d2afbded52c [none]
[debug] [2022-11-08T22:27:17.300Z] <<< [apiv2][status] GET https://artifactregistry.googleapis.com/v1beta2/projects/angular-chat-app-aaron/locations/europe-west3/operations/c65f5405-fabb-45d6-a0ee-6d2afbded52c 200
[debug] [2022-11-08T22:27:17.300Z] <<< [apiv2][body] GET https://artifactregistry.googleapis.com/v1beta2/projects/angular-chat-app-aaron/locations/europe-west3/operations/c65f5405-fabb-45d6-a0ee-6d2afbded52c {"name":"projects/angular-chat-app-aaron/locations/europe-west3/operations/c65f5405-fabb-45d6-a0ee-6d2afbded52c","metadata":{"@type":"type.googleapis.com/google.devtools.artifactregistry.v1beta2.OperationMetadata"},"done":true,"response":{"@type":"type.googleapis.com/google.protobuf.Empty"}}
[debug] [2022-11-08T22:27:17.300Z] Functions deploy failed.
[debug] [2022-11-08T22:27:17.300Z] {
  "endpoint": {
    "id": "createStreamUser",
    "project": "angular-chat-app-aaron",
    "region": "europe-west3",
    "entryPoint": "createStreamUser",
    "platform": "gcfv1",
    "runtime": "nodejs16",
    "httpsTrigger": {},
    "environmentVariables": {
      "FIREBASE_CONFIG": "{\"projectId\":\"angular-chat-app-aaron\",\"storageBucket\":\"angular-chat-app-aaron.appspot.com\"}",
      "GCLOUD_PROJECT": "angular-chat-app-aaron",
      "EVENTARC_CLOUD_EVENT_SOURCE": "projects/angular-chat-app-aaron/locations/europe-west3/functions/createStreamUser"
    },
    "codebase": "default",
    "availableMemoryMb": 256,
    "securityLevel": "SECURE_ALWAYS",
    "targetedByOnly": false,
    "hash": "7bad225fe409db8a2bec90e406fa7bc21e600e16",
    "labels": {
      "deployment-tool": "cli-firebase"
    }
  },
  "op": "update",
  "original": {
    "name": "FirebaseError",
    "children": [],
    "exit": 1,
    "message": "Function failed on loading user code. This is likely due to a bug in the user code. Error message: Error: please examine your function logs to see the error cause: https://cloud.google.com/functions/docs/monitoring/logging#viewing_logs. Additional troubleshooting documentation can be found at https://cloud.google.com/functions/docs/troubleshooting#logging. Please visit https://cloud.google.com/functions/docs/troubleshooting for in-depth troubleshooting documentation.",
    "status": 3
  }
}
[debug] [2022-11-08T22:27:17.302Z] Error: Failed to update function createStreamUser in region europe-west3
    at /usr/lib/node_modules/firebase-tools/lib/deploy/functions/release/fabricator.js:41:11
    at processTicksAndRejections (node:internal/process/task_queues:96:5)
    at async Fabricator.updateV1Function (/usr/lib/node_modules/firebase-tools/lib/deploy/functions/release/fabricator.js:305:32)
    at async Fabricator.updateEndpoint (/usr/lib/node_modules/firebase-tools/lib/deploy/functions/release/fabricator.js:140:13)
    at async handle (/usr/lib/node_modules/firebase-tools/lib/deploy/functions/release/fabricator.js:78:17)
[error] 
[error] Error: There was an error deploying functions
